[Thu May 08 15:13:58.302675 2025] [ssl:warn] [pid 15:tid 15] AH01906: www.goodvaluation.com:443:0 server certificate is a CA certificate (BasicConstraints: CA == TRUE !?)
[Thu May 08 15:13:58.302750 2025] [ssl:warn] [pid 15:tid 15] AH01909: www.goodvaluation.com:443:0 server certificate does NOT include an ID which matches the server name
[Thu May 08 15:13:58.312125 2025] [ssl:warn] [pid 15:tid 15] AH01906: www.goodvaluation.com:443:0 server certificate is a CA certificate (BasicConstraints: CA == TRUE !?)
[Thu May 08 15:13:58.312164 2025] [ssl:warn] [pid 15:tid 15] AH01909: www.goodvaluation.com:443:0 server certificate does NOT include an ID which matches the server name
[Thu May 08 15:13:58.313620 2025] [mpm_event:notice] [pid 15:tid 15] AH00489: Apache/2.4.62 (Debian) mod_ldap_userdir/1.1.19 OpenSSL/1.1.1w configured -- resuming normal operations
[Thu May 08 15:13:58.313639 2025] [core:notice] [pid 15:tid 15] AH00094: Command line: '/usr/sbin/apache2 -D FOREGROUND'
[Thu May 08 15:14:05.504229 2025] [core:crit] [pid 18:tid 27] (13)Permission denied: [client 10.99.0.245:49224] AH00529: /var/www/html/AIS/.htaccess pcfg_openfile: unable to check htaccess file, ensure it is readable and that '/var/www/html/AIS/' is executable
[Thu May 08 15:17:00.401075 2025] [ssl:warn] [pid 7:tid 7] AH01906: www.goodvaluation.com:443:0 server certificate is a CA certificate (BasicConstraints: CA == TRUE !?)
[Thu May 08 15:17:00.401163 2025] [ssl:warn] [pid 7:tid 7] AH01909: www.goodvaluation.com:443:0 server certificate does NOT include an ID which matches the server name
[Thu May 08 15:17:00.409789 2025] [ssl:warn] [pid 7:tid 7] AH01906: www.goodvaluation.com:443:0 server certificate is a CA certificate (BasicConstraints: CA == TRUE !?)
[Thu May 08 15:17:00.409846 2025] [ssl:warn] [pid 7:tid 7] AH01909: www.goodvaluation.com:443:0 server certificate does NOT include an ID which matches the server name
[Thu May 08 15:17:00.409954 2025] [core:warn] [pid 7:tid 7] AH00098: pid file /var/run/apache2/apache2.pid overwritten -- Unclean shutdown of previous Apache run?
[Thu May 08 15:17:00.411471 2025] [mpm_event:notice] [pid 7:tid 7] AH00489: Apache/2.4.62 (Debian) mod_ldap_userdir/1.1.19 OpenSSL/1.1.1w configured -- resuming normal operations
[Thu May 08 15:17:00.411492 2025] [core:notice] [pid 7:tid 7] AH00094: Command line: '/usr/sbin/apache2 -D FOREGROUND'
[Thu May 08 15:17:11.318865 2025] [core:crit] [pid 9:tid 15] (13)Permission denied: [client 10.99.0.245:49240] AH00529: /var/www/html/AIS/I/.htaccess pcfg_openfile: unable to check htaccess file, ensure it is readable and that '/var/www/html/AIS/I/' is executable
[Thu May 08 15:17:47.091323 2025] [ssl:warn] [pid 8:tid 8] AH01906: www.goodvaluation.com:443:0 server certificate is a CA certificate (BasicConstraints: CA == TRUE !?)
[Thu May 08 15:17:47.094779 2025] [ssl:warn] [pid 8:tid 8] AH01909: www.goodvaluation.com:443:0 server certificate does NOT include an ID which matches the server name
[Thu May 08 15:17:47.104331 2025] [ssl:warn] [pid 8:tid 8] AH01906: www.goodvaluation.com:443:0 server certificate is a CA certificate (BasicConstraints: CA == TRUE !?)
[Thu May 08 15:17:47.104460 2025] [ssl:warn] [pid 8:tid 8] AH01909: www.goodvaluation.com:443:0 server certificate does NOT include an ID which matches the server name
[Thu May 08 15:17:47.104627 2025] [core:warn] [pid 8:tid 8] AH00098: pid file /var/run/apache2/apache2.pid overwritten -- Unclean shutdown of previous Apache run?
[Thu May 08 15:17:47.106196 2025] [mpm_event:notice] [pid 8:tid 8] AH00489: Apache/2.4.62 (Debian) mod_ldap_userdir/1.1.19 OpenSSL/1.1.1w configured -- resuming normal operations
[Thu May 08 15:17:47.106269 2025] [core:notice] [pid 8:tid 8] AH00094: Command line: '/usr/sbin/apache2 -D FOREGROUND'
[Fri May 09 12:19:24.400359 2025] [ssl:warn] [pid 8:tid 8] AH01906: www.goodvaluation.com:443:0 server certificate is a CA certificate (BasicConstraints: CA == TRUE !?)
[Fri May 09 12:19:24.401590 2025] [ssl:warn] [pid 8:tid 8] AH01909: www.goodvaluation.com:443:0 server certificate does NOT include an ID which matches the server name
[Fri May 09 12:19:24.408524 2025] [ssl:warn] [pid 8:tid 8] AH01906: www.goodvaluation.com:443:0 server certificate is a CA certificate (BasicConstraints: CA == TRUE !?)
[Fri May 09 12:19:24.408546 2025] [ssl:warn] [pid 8:tid 8] AH01909: www.goodvaluation.com:443:0 server certificate does NOT include an ID which matches the server name
[Fri May 09 12:19:24.408637 2025] [core:warn] [pid 8:tid 8] AH00098: pid file /var/run/apache2/apache2.pid overwritten -- Unclean shutdown of previous Apache run?
[Fri May 09 12:19:24.409691 2025] [mpm_event:notice] [pid 8:tid 8] AH00489: Apache/2.4.62 (Debian) mod_ldap_userdir/1.1.19 OpenSSL/1.1.1w configured -- resuming normal operations
[Fri May 09 12:19:24.409711 2025] [core:notice] [pid 8:tid 8] AH00094: Command line: '/usr/sbin/apache2 -D FOREGROUND'
